<?xml version="1.0" encoding="UTF-8"?>
<!-- Generated by org.testng.reporters.JUnitReportReporter -->
<testsuite hostname="TXCHD-LAP-170" failures="0" tests="2" name="mobile.Plutus_Payzapp.Basic" time="55.770" errors="0" timestamp="2021-08-24T19:56:50 IST" skipped="0">
  <testcase classname="mobile.Plutus_Payzapp.Basic" name="saving" time="26.866"/>
  <system-out/>
  <testcase classname="mobile.Plutus_Payzapp.Basic" name="saving" time="28.904"/>
  <system-out/>
</testsuite> <!-- mobile.Plutus_Payzapp.Basic -->
