<?xml version="1.0" encoding="UTF-8"?>
<!-- Generated by org.testng.reporters.JUnitReportReporter -->
<testsuite skipped="0" hostname="TXCHD-LAP-170" name="mobile.Plutus_Payzapp.Basic" tests="2" failures="0" timestamp="2021-08-22T18:18:26 IST" time="55.907" errors="0">
  <testcase name="saving" time="25.850" classname="mobile.Plutus_Payzapp.Basic"/>
  <system-out/>
  <testcase name="saving" time="30.057" classname="mobile.Plutus_Payzapp.Basic"/>
  <system-out/>
</testsuite> <!-- mobile.Plutus_Payzapp.Basic -->
